<?xml version="1.0" encoding="UTF-8"?>
<testng-results ignored="0" total="1" passed="1" failed="0" skipped="0">
  <reporter-output>
  </reporter-output>
  <suite started-at="2025-10-02T18:01:11 IST" name="OrangeHRM" finished-at="2025-10-02T18:01:27 IST" duration-ms="15896">
    <groups>
    </groups>
    <test started-at="2025-10-02T18:01:11 IST" name="BaseTest" finished-at="2025-10-02T18:01:27 IST" duration-ms="15896">
      <class name="com.hgk.OrangeHRM_Automate.OrangeHRM_E2E.TestRunBaseClass">
        <test-method signature="loginPageTest()[pri:0, instance:com.hgk.OrangeHRM_Automate.OrangeHRM_E2E.TestRunBaseClass@642a7222]" started-at="2025-10-02T18:01:11 IST" name="loginPageTest" finished-at="2025-10-02T18:01:27 IST" duration-ms="15792" status="PASS">
          <reporter-output>
          </reporter-output>
        </test-method> <!-- loginPageTest -->
      </class> <!-- com.hgk.OrangeHRM_Automate.OrangeHRM_E2E.TestRunBaseClass -->
    </test> <!-- BaseTest -->
  </suite> <!-- OrangeHRM -->
</testng-results>
