<?xml version="1.0" encoding="UTF-8"?>
<testng-results ignored="0" total="1" passed="1" failed="0" skipped="0">
  <reporter-output>
  </reporter-output>
  <suite started-at="2025-11-11T22:20:57 IST" name="Default suite" finished-at="2025-11-11T22:21:12 IST" duration-ms="15250">
    <groups>
    </groups>
    <test started-at="2025-11-11T22:20:57 IST" name="Default test" finished-at="2025-11-11T22:21:12 IST" duration-ms="15250">
      <class name="com.hgk.OrangeHRM_Automate.OrangeHRM_E2E.DynamicWebTableHandling">
        <test-method signature="webTableHandle()[pri:0, instance:com.hgk.OrangeHRM_Automate.OrangeHRM_E2E.DynamicWebTableHandling@75d4a5c2]" started-at="2025-11-11T22:20:57 IST" name="webTableHandle" finished-at="2025-11-11T22:21:12 IST" duration-ms="15119" status="PASS">
          <reporter-output>
          </reporter-output>
        </test-method> <!-- webTableHandle -->
      </class> <!-- com.hgk.OrangeHRM_Automate.OrangeHRM_E2E.DynamicWebTableHandling -->
    </test> <!-- Default test -->
  </suite> <!-- Default suite -->
</testng-results>
