<?xml version="1.0" encoding="UTF-8"?>
<!-- Generated by org.testng.reporters.JUnitReportReporter -->
<testsuite hostname="DESKTOP-HHB522J" failures="0" tests="1" name="com.hgk.OrangeHRM_Automate.OrangeHRM_E2E.TestRunBaseClass" time="24.078" errors="0" timestamp="2025-10-19T18:31:51 IST" skipped="0">
  <testcase classname="com.hgk.OrangeHRM_Automate.OrangeHRM_E2E.TestRunBaseClass" name="loginPageTest" time="24.078"/>
</testsuite> <!-- com.hgk.OrangeHRM_Automate.OrangeHRM_E2E.TestRunBaseClass -->
