<?xml version="1.0" encoding="UTF-8"?>
<!-- Generated by org.testng.reporters.JUnitReportReporter -->
<testsuite hostname="DESKTOP-HHB522J" failures="0" tests="1" name="com.hgk.OrangeHRM_Automate.OrangeHRM_E2E.DynamicWebTableHandling" time="15.119" errors="0" timestamp="2025-11-11T22:21:17 IST" skipped="0">
  <testcase classname="com.hgk.OrangeHRM_Automate.OrangeHRM_E2E.DynamicWebTableHandling" name="webTableHandle" time="15.119"/>
</testsuite> <!-- com.hgk.OrangeHRM_Automate.OrangeHRM_E2E.DynamicWebTableHandling -->
